=> Booting Puma
=> Rails 6.1.7.3 application starting in development 
=> Run `bin/rails server --help` for more startup options
Puma starting in single mode...
* Puma version: 5.6.5 (ruby 3.2.2-p53) ("Birdie's Version")
*  Min threads: 5
*  Max threads: 5
*  Environment: development
*          PID: 10149
* Listening on http://127.0.0.1:3000
* Listening on http://[::1]:3000
Use Ctrl-C to stop
=> Booting Puma
=> Rails 6.1.7.3 application starting in development 
=> Run `bin/rails server --help` for more startup options
A server is already running. Check /home/code/rails_krukow6/tmp/pids/server.pid.
Exiting
Started GET "/" for ::1 at 2023-04-25 07:37:23 +0300
  [1m[35m (0.6ms)[0m  [1m[34mSELECT sqlite_version(*)[0m
  [1m[35m (0.1ms)[0m  [1m[34mSELECT "schema_migrations"."version" FROM "schema_migrations" ORDER BY "schema_migrations"."version" ASC[0m
Processing by PagesController#index as HTML
  Rendering layout layouts/application.html.erb
  Rendering pages/index.html.erb within layouts/application
  [1m[36mUser Load (0.1ms)[0m  [1m[34mSELECT "users".* FROM "users" WHERE "users"."id" IS NULL LIMIT ?[0m  [["LIMIT", 1]]
  ↳ app/controllers/concerns/authentication.rb:21:in `user_from_token'
  Rendered shared/_menu.html.erb (Duration: 5.6ms | Allocations: 4514)
  Rendered pages/index.html.erb within layouts/application (Duration: 216.6ms | Allocations: 286299)
[Webpacker] Everything's up-to-date. Nothing to do
  Rendered layout layouts/application.html.erb (Duration: 254.8ms | Allocations: 303350)
Completed 200 OK in 263ms (Views: 257.1ms | ActiveRecord: 0.2ms | Allocations: 306564)


Started GET "/en/questions" for ::1 at 2023-04-25 07:37:25 +0300
Processing by QuestionsController#index as HTML
  Parameters: {"locale"=>"en"}
  [1m[35m (0.0ms)[0m  [1m[34mSELECT COUNT(*) FROM "questions"[0m
  ↳ app/controllers/questions_controller.rb:7:in `index'
  Rendering layout layouts/application.html.erb
  Rendering questions/index.html.erb within layouts/application
  [1m[36mUser Load (0.1ms)[0m  [1m[34mSELECT "users".* FROM "users" WHERE "users"."id" IS NULL LIMIT ?[0m  [["LIMIT", 1]]
  ↳ app/controllers/concerns/authentication.rb:21:in `user_from_token'
  Rendered shared/_menu.html.erb (Duration: 1.6ms | Allocations: 1497)
  [1m[36mQuestion Load (0.1ms)[0m  [1m[34mSELECT "questions".* FROM "questions" ORDER BY "questions"."created_at" DESC LIMIT ? OFFSET ?[0m  [["LIMIT", 10], ["OFFSET", 0]]
  ↳ app/views/questions/index.html.erb:10
  Rendered questions/index.html.erb within layouts/application (Duration: 7.8ms | Allocations: 7539)
[Webpacker] Everything's up-to-date. Nothing to do
  Rendered layout layouts/application.html.erb (Duration: 12.0ms | Allocations: 14308)
Completed 200 OK in 19ms (Views: 12.5ms | ActiveRecord: 0.5ms | Allocations: 18985)


Started GET "/en" for ::1 at 2023-04-25 07:37:25 +0300
Processing by PagesController#index as HTML
  Parameters: {"locale"=>"en"}
  Rendering layout layouts/application.html.erb
  Rendering pages/index.html.erb within layouts/application
  [1m[36mUser Load (0.1ms)[0m  [1m[34mSELECT "users".* FROM "users" WHERE "users"."id" IS NULL LIMIT ?[0m  [["LIMIT", 1]]
  ↳ app/controllers/concerns/authentication.rb:21:in `user_from_token'
  Rendered shared/_menu.html.erb (Duration: 1.9ms | Allocations: 1551)
  Rendered pages/index.html.erb within layouts/application (Duration: 2.2ms | Allocations: 1692)
[Webpacker] Everything's up-to-date. Nothing to do
  Rendered layout layouts/application.html.erb (Duration: 6.8ms | Allocations: 8447)
Completed 200 OK in 8ms (Views: 7.0ms | ActiveRecord: 0.1ms | Allocations: 8869)


Started GET "/en/questions" for ::1 at 2023-04-25 07:37:26 +0300
Processing by QuestionsController#index as HTML
  Parameters: {"locale"=>"en"}
  [1m[35m (0.1ms)[0m  [1m[34mSELECT COUNT(*) FROM "questions"[0m
  ↳ app/controllers/questions_controller.rb:7:in `index'
  Rendering layout layouts/application.html.erb
  Rendering questions/index.html.erb within layouts/application
  [1m[36mUser Load (0.0ms)[0m  [1m[34mSELECT "users".* FROM "users" WHERE "users"."id" IS NULL LIMIT ?[0m  [["LIMIT", 1]]
  ↳ app/controllers/concerns/authentication.rb:21:in `user_from_token'
  Rendered shared/_menu.html.erb (Duration: 1.5ms | Allocations: 1448)
  [1m[36mQuestion Load (0.1ms)[0m  [1m[34mSELECT "questions".* FROM "questions" ORDER BY "questions"."created_at" DESC LIMIT ? OFFSET ?[0m  [["LIMIT", 10], ["OFFSET", 0]]
  ↳ app/views/questions/index.html.erb:10
  Rendered questions/index.html.erb within layouts/application (Duration: 3.9ms | Allocations: 4183)
[Webpacker] Everything's up-to-date. Nothing to do
  Rendered layout layouts/application.html.erb (Duration: 8.4ms | Allocations: 10874)
Completed 200 OK in 11ms (Views: 8.8ms | ActiveRecord: 0.2ms | Allocations: 12480)


- Gracefully stopping, waiting for requests to finish
=== puma shutdown: 2023-04-25 07:37:34 +0300 ===
- Goodbye!
Exiting
=> Booting Puma
=> Rails 6.1.7.3 application starting in development 
=> Run `bin/rails server --help` for more startup options
Puma starting in single mode...
* Puma version: 5.6.5 (ruby 3.2.2-p53) ("Birdie's Version")
*  Min threads: 5
*  Max threads: 5
*  Environment: development
*          PID: 10471
* Listening on http://127.0.0.1:3000
* Listening on http://[::1]:3000
Use Ctrl-C to stop
Started GET "/en/questions" for ::1 at 2023-04-25 07:38:18 +0300
  [1m[35m (0.4ms)[0m  [1m[34mSELECT sqlite_version(*)[0m
  [1m[35m (0.1ms)[0m  [1m[34mSELECT "schema_migrations"."version" FROM "schema_migrations" ORDER BY "schema_migrations"."version" ASC[0m
Processing by QuestionsController#index as HTML
  Parameters: {"locale"=>"en"}
  [1m[35m (0.0ms)[0m  [1m[34mSELECT COUNT(*) FROM "questions"[0m
  ↳ app/controllers/questions_controller.rb:7:in `index'
  Rendering layout layouts/application.html.erb
  Rendering questions/index.html.erb within layouts/application
  [1m[36mUser Load (0.1ms)[0m  [1m[34mSELECT "users".* FROM "users" WHERE "users"."id" IS NULL LIMIT ?[0m  [["LIMIT", 1]]
  ↳ app/controllers/concerns/authentication.rb:21:in `user_from_token'
  Rendered shared/_menu.html.erb (Duration: 4.1ms | Allocations: 4129)
  [1m[36mQuestion Load (0.1ms)[0m  [1m[34mSELECT "questions".* FROM "questions" ORDER BY "questions"."created_at" DESC LIMIT ? OFFSET ?[0m  [["LIMIT", 10], ["OFFSET", 0]]
  ↳ app/views/questions/index.html.erb:10
  Rendered questions/index.html.erb within layouts/application (Duration: 134.5ms | Allocations: 291690)
[Webpacker] Everything's up-to-date. Nothing to do
  Rendered layout layouts/application.html.erb (Duration: 147.5ms | Allocations: 308678)
Completed 200 OK in 157ms (Views: 148.1ms | ActiveRecord: 0.7ms | Allocations: 315749)


- Gracefully stopping, waiting for requests to finish
=== puma shutdown: 2023-04-25 07:38:24 +0300 ===
- Goodbye!
Exiting
=> Booting Puma
=> Rails 6.1.7.3 application starting in development 
=> Run `bin/rails server --help` for more startup options
Puma starting in single mode...
* Puma version: 5.6.5 (ruby 3.2.2-p53) ("Birdie's Version")
*  Min threads: 5
*  Max threads: 5
*  Environment: development
*          PID: 281
* Listening on http://127.0.0.1:3000
* Listening on http://[::1]:3000
Use Ctrl-C to stop
- Gracefully stopping, waiting for requests to finish
=== puma shutdown: 2023-04-25 07:41:43 +0300 ===
- Goodbye!
Exiting
